debug 2023/12/18 09:42:03 jdejw  &{ 0 -1}
debug 2023/12/18 09:43:32 jdejw  &{ 0 -1}
debug 2023/12/18 09:43:32 hola pa
debug 2023/12/18 09:43:38 jdejw  &{ 0 -1}
debug 2023/12/18 09:43:38 hola pa
debug 2023/12/18 09:43:42 jdej  &{ 0 -1}
debug 2023/12/18 09:43:42 hola pa
debug 2023/12/18 09:43:44 jdej  &{ 0 -1}
debug 2023/12/18 09:43:44 hola pa
debug 2023/12/18 09:44:42   &{ 0 -1}
debug 2023/12/18 09:44:42 hola pa
debug 2023/12/18 09:44:42 pa
debug 2023/12/18 09:49:29   &{ 0 -1}
debug 2023/12/18 09:49:29 Header: "Content-Type", Value: "application/json"
debug 2023/12/18 09:49:42   &{ 0 -1}
debug 2023/12/18 09:51:49   &{ 0 -1}
debug 2023/12/18 09:51:49 Header: Content-Type, Value: application/json
debug 2023/12/18 09:55:37 http://localhost:3000/header  &{ 0 -1}
debug 2023/12/18 09:55:39 http://localhost:3000/header  &{ 0 -1}
debug 2023/12/18 09:55:57 http://localhost:3000/header  &{ 0 -1}
debug 2023/12/18 09:56:07 http://localhost:3000/header  &{ 0 -1}
debug 2023/12/18 09:56:26 http://localhost:3000/header  &{ 0 -1}
debug 2023/12/18 09:56:27 http://localhost:3000/header'  &{ 0 -1}
debug 2023/12/18 09:56:29 http://localhost:3000/heade  &{ 0 -1}
debug 2023/12/18 09:56:29 http://localhost:3000/heade  &{ 0 -1}
debug 2023/12/18 09:56:29 http://localhost:3000/heade  &{ 0 -1}
debug 2023/12/18 09:56:29 http://localhost:3000/heade  &{ 0 -1}
debug 2023/12/18 09:56:31 http://localhost:3000/header  &{ 0 -1}
